<?xml version="1.0" encoding="UTF-8"?>
<!-- Generated by org.testng.reporters.JUnitReportReporter -->
<testsuite skipped="0" hostname="IN2196867W4" name="New.Spicejet.Spicejetsearch" tests="1" failures="0" timestamp="2020-12-07T11:10:52 IST" time="64.849" errors="0">
  <testcase name="search" time="64.849" classname="New.Spicejet.Spicejetsearch"/>
  <system-out/>
</testsuite> <!-- New.Spicejet.Spicejetsearch -->
